<?xml version="1.0" encoding="UTF-8"?>
<testng-results ignored="0" total="1" passed="1" failed="0" skipped="0">
  <reporter-output>
  </reporter-output>
  <suite started-at="2022-01-28T09:24:16Z" name="nopcommerce" finished-at="2022-01-28T09:24:48Z" duration-ms="31248">
    <groups>
    </groups>
    <test started-at="2022-01-28T09:24:16Z" name="Test1" finished-at="2022-01-28T09:24:48Z" duration-ms="31248">
      <class name="com.nopCommerce.testCases.TC001_LoginTest">
        <test-method is-config="true" signature="setup(java.lang.String)[pri:0, instance:com.nopCommerce.testCases.TC001_LoginTest@363ee3a2]" started-at="2022-01-28T09:24:17Z" name="setup" finished-at="2022-01-28T09:24:18Z" duration-ms="1958" status="PASS">
          <params>
            <param index="0">
              <value>
                <![CDATA[chrome]]>
              </value>
            </param>
          </params>
          <reporter-output>
          </reporter-output>
        </test-method> <!-- setup -->
        <test-method signature="LoginTest()[pri:0, instance:com.nopCommerce.testCases.TC001_LoginTest@363ee3a2]" started-at="2022-01-28T09:24:18Z" name="LoginTest" finished-at="2022-01-28T09:24:47Z" duration-ms="28928" status="PASS">
          <reporter-output>
          </reporter-output>
        </test-method> <!-- LoginTest -->
        <test-method is-config="true" signature="BrowserClose()[pri:0, instance:com.nopCommerce.testCases.TC001_LoginTest@363ee3a2]" started-at="2022-01-28T09:24:47Z" name="BrowserClose" finished-at="2022-01-28T09:24:48Z" duration-ms="135" status="PASS">
          <reporter-output>
          </reporter-output>
        </test-method> <!-- BrowserClose -->
      </class> <!-- com.nopCommerce.testCases.TC001_LoginTest -->
    </test> <!-- Test1 -->
  </suite> <!-- nopcommerce -->
</testng-results>
